<?xml version="1.0" encoding="UTF-8"?>
<testsuite name="tests.TestsForHeadHunter" tests="1" skipped="0" failures="0" errors="0" timestamp="2023-02-20T04:49:24" hostname="cab-wsm-0056221" time="20.183">
  <properties/>
  <testcase name="Отметка 'Можно из дома' для вакансий раздела 'Работа из дома'" classname="tests.TestsForHeadHunter" time="20.183"/>
  <system-out><![CDATA[]]></system-out>
  <system-err><![CDATA[[Test worker] INFO com.codeborne.selenide.impl.WebDriverThreadLocalContainer - No webdriver is bound to current thread: 13 - let's create a new webdriver
февр. 20, 2023 11:49:24 ДП org.openqa.selenium.remote.tracing.opentelemetry.OpenTelemetryTracer createTracer
INFO: Using OpenTelemetry for tracing
февр. 20, 2023 11:49:33 ДП org.openqa.selenium.remote.ProtocolHandshake createSession
INFO: Detected dialect: W3C
[Test worker] INFO com.codeborne.selenide.webdriver.BrowserResizer - Set browser size to 1920x1080
[Test worker] INFO com.codeborne.selenide.webdriver.WebDriverFactory - BrowserName=chrome Version=100.0.4896.60 Platform=LINUX
[Test worker] INFO com.codeborne.selenide.webdriver.WebDriverFactory - Selenide v. 6.3.5
[Test worker] INFO com.codeborne.selenide.webdriver.WebDriverFactory - Selenium WebDriver v. 4.1.2 build revision: 9a5a329c5a
[Test worker] INFO com.codeborne.selenide.drivercommands.CreateDriverCommand - Created webdriver in thread 13: RemoteWebDriver -> RemoteWebDriver: chrome on LINUX (47f426d571f47ed6f4117dce4d1c0638)
]]></system-err>
</testsuite>
